<?xml version="1.0" encoding="UTF-8"?>
<testsuite name="PalindromeTesterTest" tests="4" skipped="0" failures="0" errors="0" timestamp="2024-08-08T19:23:13" hostname="FLANDERS" time="0.017">
  <properties/>
  <testcase name="testStringStripper_removesCapitalization()" classname="PalindromeTesterTest" time="0.014"/>
  <testcase name="testStringStripper_removesPunctuation()" classname="PalindromeTesterTest" time="0.0"/>
  <testcase name="testStringStripper_emptyString()" classname="PalindromeTesterTest" time="0.0"/>
  <testcase name="testStringStripper_removesSpaces()" classname="PalindromeTesterTest" time="0.0"/>
  <system-out><![CDATA[]]></system-out>
  <system-err><![CDATA[]]></system-err>
</testsuite>
